<?xml version="1.0" encoding="UTF-8"?>
<!-- Generated by org.testng.reporters.JUnitXMLReporter -->
<testsuite ignored="0" hostname="DESKTOP-7INTED2" failures="0" tests="5" name="Default test" time="191.836" errors="0" timestamp="2024-10-25T20:56:11 IST">
  <testcase classname="RentOk.allTests" name="LoginLogout" time="37.373"/>
  <testcase classname="RentOk.allTests" name="ForgotPassword" time="97.447"/>
  <testcase classname="RentOk.allTests" name="GoogleLogin" time="4.078"/>
  <testcase classname="RentOk.allTests" name="TeamMemberLogin" time="0.088"/>
  <testcase classname="RentOk.allTests" name="LoginPhoneNo" time="40.66"/>
</testsuite> <!-- Default test -->
