<?xml version="1.0" encoding="UTF-8"?>
<testng-results ignored="0" total="5" passed="5" failed="0" skipped="0">
  <reporter-output>
  </reporter-output>
  <suite started-at="2024-10-25T20:52:59 IST" name="Default suite" finished-at="2024-10-25T20:56:11 IST" duration-ms="191836">
    <groups>
    </groups>
    <test started-at="2024-10-25T20:52:59 IST" name="Default test" finished-at="2024-10-25T20:56:11 IST" duration-ms="191836">
      <class name="RentOk.allTests">
        <test-method is-config="true" signature="setup()[pri:0, instance:RentOk.allTests@710636b0]" started-at="2024-10-25T20:52:59 IST" name="setup" finished-at="2024-10-25T20:53:11 IST" duration-ms="11961" status="PASS">
          <reporter-output>
          </reporter-output>
        </test-method> <!-- setup -->
        <test-method signature="LoginLogout()[pri:0, instance:RentOk.allTests@710636b0]" started-at="2024-10-25T20:53:11 IST" name="LoginLogout" finished-at="2024-10-25T20:53:48 IST" duration-ms="37373" status="PASS">
          <reporter-output>
          </reporter-output>
        </test-method> <!-- LoginLogout -->
        <test-method signature="ForgotPassword()[pri:1, instance:RentOk.allTests@710636b0]" started-at="2024-10-25T20:53:48 IST" name="ForgotPassword" finished-at="2024-10-25T20:55:26 IST" duration-ms="97447" status="PASS">
          <reporter-output>
          </reporter-output>
        </test-method> <!-- ForgotPassword -->
        <test-method signature="GoogleLogin()[pri:2, instance:RentOk.allTests@710636b0]" started-at="2024-10-25T20:55:26 IST" name="GoogleLogin" finished-at="2024-10-25T20:55:30 IST" duration-ms="4078" status="PASS">
          <reporter-output>
          </reporter-output>
        </test-method> <!-- GoogleLogin -->
        <test-method signature="TeamMemberLogin()[pri:3, instance:RentOk.allTests@710636b0]" started-at="2024-10-25T20:55:30 IST" name="TeamMemberLogin" finished-at="2024-10-25T20:55:30 IST" duration-ms="88" status="PASS">
          <reporter-output>
          </reporter-output>
        </test-method> <!-- TeamMemberLogin -->
        <test-method signature="LoginPhoneNo()[pri:4, instance:RentOk.allTests@710636b0]" started-at="2024-10-25T20:55:30 IST" name="LoginPhoneNo" finished-at="2024-10-25T20:56:11 IST" duration-ms="40660" status="PASS">
          <reporter-output>
          </reporter-output>
        </test-method> <!-- LoginPhoneNo -->
        <test-method is-config="true" signature="flush()[pri:0, instance:RentOk.allTests@710636b0]" started-at="2024-10-25T20:56:11 IST" name="flush" finished-at="2024-10-25T20:56:11 IST" duration-ms="185" status="PASS">
          <reporter-output>
          </reporter-output>
        </test-method> <!-- flush -->
      </class> <!-- RentOk.allTests -->
    </test> <!-- Default test -->
  </suite> <!-- Default suite -->
</testng-results>
